#
# There is insufficient memory for the Java Runtime Environment to continue.
# Native memory allocation (mmap) failed to map 268435456 bytes for Failed to commit area from 0x0000000700c00000 to 0x0000000710c00000 of length 268435456.
# Possible reasons:
#   The system is out of physical RAM or swap space
#   The process is running with CompressedOops enabled, and the Java Heap may be blocking the growth of the native heap
# Possible solutions:
#   Reduce memory load on the system
#   Increase physical memory or swap space
#   Check if swap backing store is full
#   Decrease Java heap size (-Xmx/-Xms)
#   Decrease number of Java threads
#   Decrease Java thread stack sizes (-Xss)
#   Set larger code cache with -XX:ReservedCodeCacheSize=
# This output file may be truncated or incomplete.
#
#  Out of Memory Error (c:/BuildAgent/work/217e3383f1c67e47/src/hotspot/os/windows/os_windows.cpp:3296), pid=22028, tid=11508
#
# JRE version:  (11.0.6+8) (build )
# Java VM: OpenJDK 64-Bit Server VM (11.0.6+8-b765.15, mixed mode, sharing, tiered, compressed oops, g1 gc, windows-amd64)
# No core dump will be written. Minidumps are not enabled by default on client versions of Windows
#

---------------  S U M M A R Y ------------

Command Line: org.jetbrains.git4idea.http.GitAskPassApp Username for 'https://github.com': 

Host: AMD Ryzen 5 2600 Six-Core Processor            , 12 cores, 15G,  Windows 10 , 64 bit Build 18362 (10.0.18362.329)
Time: Thu Mar 19 00:23:15 2020 ¢¥eCN©öI¡¾©ö C¡ÍA¨ª¨öA elapsed time: 0 seconds (0d 0h 0m 0s)

---------------  T H R E A D  ---------------

Current thread (0x00000200218da000):  JavaThread "Unknown thread" [_thread_in_vm, id=11508, stack(0x00000061de800000,0x00000061de900000)]

Stack: [0x00000061de800000,0x00000061de900000]
Native frames: (J=compiled Java code, j=interpreted, Vv=VM code, C=native code)
V  [jvm.dll+0x5de31a]
V  [jvm.dll+0x710ae5]
V  [jvm.dll+0x712005]
V  [jvm.dll+0x7126b3]
V  [jvm.dll+0x23e3a8]
V  [jvm.dll+0x5db814]
V  [jvm.dll+0x5d0a35]
V  [jvm.dll+0x2faeeb]
V  [jvm.dll+0x2fae5a]
V  [jvm.dll+0x2fad32]
V  [jvm.dll+0x2ffc06]
V  [jvm.dll+0x348483]
V  [jvm.dll+0x348b86]
V  [jvm.dll+0x348583]
V  [jvm.dll+0x2d57b8]
V  [jvm.dll+0x2d6957]
V  [jvm.dll+0x6ef8a7]
V  [jvm.dll+0x6f109c]
V  [jvm.dll+0x355a79]
V  [jvm.dll+0x6d49ee]
V  [jvm.dll+0x3bf0a3]
V  [jvm.dll+0x3c15c1]
C  [jli.dll+0x5363]
C  [ucrtbase.dll+0x20e72]
C  [KERNEL32.DLL+0x17bd4]
C  [ntdll.dll+0x6ced1]


---------------  P R O C E S S  ---------------

Threads class SMR info:
_java_thread_list=0x000002001f6e4c70, length=0, elements={
}

Java Threads: ( => current thread )

Other Threads:
  0x00000200218f1800 GCTaskThread "GC Thread#0" [stack: 0x00000061de900000,0x00000061dea00000] [id=3712]
  0x000002002194f800 ConcurrentGCThread "G1 Main Marker" [stack: 0x00000061dea00000,0x00000061deb00000] [id=11028]
  0x0000020021951800 ConcurrentGCThread "G1 Conc#0" [stack: 0x00000061deb00000,0x00000061dec00000] [id=23416]

[error occurred during error reporting (printing all threads), id 0xc0000005, EXCEPTION_ACCESS_VIOLATION (0xc0000005) at pc=0x00007ff8b56e6027]

VM state:not at safepoint (not fully initialized)

VM Mutex/Monitor currently owned by a thread:  ([mutex/lock_event])
[0x00000200218d8640] Heap_lock - owner thread: 0x00000200218da000

Heap address: 0x0000000700c00000, size: 4084 MB, Compressed Oops mode: Non-zero based: 0x0000000700c00000
Narrow klass base: 0x0000000000000000, Narrow klass shift: 0

GC Heap History (0 events):
No events

Deoptimization events (0 events):
No events

Classes redefined (0 events):
No events

Internal exceptions (0 events):
No events

Events (2 events):
Event: 0.008 Loaded shared library C:\Users\ttyy3\AppData\Local\JetBrains\Toolbox\apps\IDEA-C\ch-0\201.6251.22\jbr\bin\zip.dll
Event: 0.009 Loaded shared library C:\Users\ttyy3\AppData\Local\JetBrains\Toolbox\apps\IDEA-C\ch-0\201.6251.22\jbr\bin\jimage.dll


Dynamic libraries:
0x00007ff7f1420000 - 0x00007ff7f142a000 	C:\Users\ttyy3\AppData\Local\JetBrains\Toolbox\apps\IDEA-C\ch-0\201.6251.22\jbr\bin\java.exe
0x00007ff8f9da0000 - 0x00007ff8f9f90000 	C:\Windows\SYSTEM32\ntdll.dll
0x00007ff8f8bf0000 - 0x00007ff8f8ca2000 	C:\Windows\System32\KERNEL32.DLL
0x00007ff8f79c0000 - 0x00007ff8f7c63000 	C:\Windows\System32\KERNELBASE.dll
0x00007ff8f7c70000 - 0x00007ff8f7d6a000 	C:\Windows\System32\ucrtbase.dll
0x00007ff8dfc00000 - 0x00007ff8dfc19000 	C:\Users\ttyy3\AppData\Local\JetBrains\Toolbox\apps\IDEA-C\ch-0\201.6251.22\jbr\bin\jli.dll
0x00007ff8df690000 - 0x00007ff8df6a7000 	C:\Users\ttyy3\AppData\Local\JetBrains\Toolbox\apps\IDEA-C\ch-0\201.6251.22\jbr\bin\VCRUNTIME140.dll
0x00007ff8f9bc0000 - 0x00007ff8f9d54000 	C:\Windows\System32\USER32.dll
0x00007ff8f7e20000 - 0x00007ff8f7e41000 	C:\Windows\System32\win32u.dll
0x00007ff8f98e0000 - 0x00007ff8f9906000 	C:\Windows\System32\GDI32.dll
0x00007ff8f6d30000 - 0x00007ff8f6ec4000 	C:\Windows\System32\gdi32full.dll
0x00007ff8f77d0000 - 0x00007ff8f786e000 	C:\Windows\System32\msvcp_win.dll
0x00007ff8e7d10000 - 0x00007ff8e7f95000 	C:\Windows\WinSxS\amd64_microsoft.windows.common-controls_6595b64144ccf1df_6.0.18362.720_none_e6beb5c51314836b\COMCTL32.dll
0x00007ff8f9220000 - 0x00007ff8f92be000 	C:\Windows\System32\msvcrt.dll
0x00007ff8f8780000 - 0x00007ff8f8ab6000 	C:\Windows\System32\combase.dll
0x00007ff8f99b0000 - 0x00007ff8f9ad0000 	C:\Windows\System32\RPCRT4.dll
0x00007ff8f7750000 - 0x00007ff8f77d0000 	C:\Windows\System32\bcryptPrimitives.dll
0x00007ff8f8e60000 - 0x00007ff8f8e8e000 	C:\Windows\System32\IMM32.DLL
0x00007ff8dbce0000 - 0x00007ff8dbd7d000 	C:\Users\ttyy3\AppData\Local\JetBrains\Toolbox\apps\IDEA-C\ch-0\201.6251.22\jbr\bin\msvcp140.dll
0x00007ff8b5400000 - 0x00007ff8b5ebd000 	C:\Users\ttyy3\AppData\Local\JetBrains\Toolbox\apps\IDEA-C\ch-0\201.6251.22\jbr\bin\server\jvm.dll
0x00007ff8f90c0000 - 0x00007ff8f9163000 	C:\Windows\System32\ADVAPI32.dll
0x00007ff8f9910000 - 0x00007ff8f99a7000 	C:\Windows\System32\sechost.dll
0x00007ff8f9b50000 - 0x00007ff8f9b58000 	C:\Windows\System32\PSAPI.DLL
0x00007ff8f5870000 - 0x00007ff8f5879000 	C:\Windows\SYSTEM32\WSOCK32.dll
0x00007ff8f3c00000 - 0x00007ff8f3c24000 	C:\Windows\SYSTEM32\WINMM.dll
0x00007ff8f0f10000 - 0x00007ff8f0f1a000 	C:\Windows\SYSTEM32\VERSION.dll
0x00007ff8f92c0000 - 0x00007ff8f932f000 	C:\Windows\System32\WS2_32.dll
0x00007ff8f3720000 - 0x00007ff8f374d000 	C:\Windows\SYSTEM32\winmmbase.dll
0x00007ff8f76d0000 - 0x00007ff8f771a000 	C:\Windows\System32\cfgmgr32.dll
0x00007ff8f6ca0000 - 0x00007ff8f6cb1000 	C:\Windows\System32\kernel.appcore.dll
0x00007ff8f3750000 - 0x00007ff8f3761000 	C:\Users\ttyy3\AppData\Local\JetBrains\Toolbox\apps\IDEA-C\ch-0\201.6251.22\jbr\bin\verify.dll
0x00007ff8f53e0000 - 0x00007ff8f55d4000 	C:\Windows\SYSTEM32\DBGHELP.DLL
0x00007ff8e2e00000 - 0x00007ff8e2e2a000 	C:\Windows\SYSTEM32\dbgcore.DLL
0x00007ff8ed7e0000 - 0x00007ff8ed809000 	C:\Users\ttyy3\AppData\Local\JetBrains\Toolbox\apps\IDEA-C\ch-0\201.6251.22\jbr\bin\java.dll
0x00007ff8eeba0000 - 0x00007ff8eebb8000 	C:\Users\ttyy3\AppData\Local\JetBrains\Toolbox\apps\IDEA-C\ch-0\201.6251.22\jbr\bin\zip.dll
0x00007ff8f5840000 - 0x00007ff8f584b000 	C:\Users\ttyy3\AppData\Local\JetBrains\Toolbox\apps\IDEA-C\ch-0\201.6251.22\jbr\bin\jimage.dll

dbghelp: loaded successfully - version: 4.0.5 - missing functions: none
symbol engine: initialized successfully - sym options: 0x614 - pdb path: .;C:\Users\ttyy3\AppData\Local\JetBrains\Toolbox\apps\IDEA-C\ch-0\201.6251.22\jbr\bin;C:\Windows\SYSTEM32;C:\Windows\WinSxS\amd64_microsoft.windows.common-controls_6595b64144ccf1df_6.0.18362.720_none_e6beb5c51314836b;C:\Users\ttyy3\AppData\Local\JetBrains\Toolbox\apps\IDEA-C\ch-0\201.6251.22\jbr\bin\server

VM Arguments:
java_command: org.jetbrains.git4idea.http.GitAskPassApp Username for 'https://github.com': 
java_class_path (initial): C:/Users/ttyy3/AppData/Local/JetBrains/Toolbox/apps/IDEA-C/ch-0/201.6251.22/plugins/git4idea/lib/git4idea-rt.jar;C:/Users/ttyy3/AppData/Local/JetBrains/Toolbox/apps/IDEA-C/ch-0/201.6251.22/lib/xmlrpc-2.0.1.jar;C:/Users/ttyy3/AppData/Local/JetBrains/Toolbox/apps/IDEA-C/ch-0/201.6251.22/lib/commons-codec-1.14.jar;C:/Users/ttyy3/AppData/Local/JetBrains/Toolbox/apps/IDEA-C/ch-0/201.6251.22/lib/util.jar
Launcher Type: SUN_STANDARD

[Global flags]
     intx CICompilerCount                          = 4                                         {product} {ergonomic}
     uint ConcGCThreads                            = 3                                         {product} {ergonomic}
     uint G1ConcRefinementThreads                  = 10                                        {product} {ergonomic}
   size_t G1HeapRegionSize                         = 1048576                                   {product} {ergonomic}
    uintx GCDrainStackTargetSize                   = 64                                        {product} {ergonomic}
   size_t InitialHeapSize                          = 268435456                                 {product} {ergonomic}
   size_t MarkStackSize                            = 4194304                                   {product} {ergonomic}
   size_t MaxHeapSize                              = 4282384384                                {product} {ergonomic}
   size_t MinHeapDeltaBytes                        = 1048576                                   {product} {ergonomic}
    uintx NonNMethodCodeHeapSize                   = 5836300                                {pd product} {ergonomic}
    uintx NonProfiledCodeHeapSize                  = 122910970                              {pd product} {ergonomic}
    uintx ProfiledCodeHeapSize                     = 122910970                              {pd product} {ergonomic}
    uintx ReservedCodeCacheSize                    = 251658240                              {pd product} {ergonomic}
     bool SegmentedCodeCache                       = true                                      {product} {ergonomic}
     bool UseCompressedClassPointers               = true                                 {lp64_product} {ergonomic}
     bool UseCompressedOops                        = true                                 {lp64_product} {ergonomic}
     bool UseG1GC                                  = true                                      {product} {ergonomic}
     bool UseLargePagesIndividualAllocation        = false                                  {pd product} {ergonomic}

Logging:
Log output configuration:
 #0: stdout all=warning uptime,level,tags
 #1: stderr all=off uptime,level,tags

Environment Variables:
JAVA_HOME=C:\Program Files\Java\jdk-14
CLASSPATH=%classpath%;.;.;.
PATH=C:\Program Files\Git\mingw64\libexec\git-core;C:\Program Files\Git\mingw64\libexec\git-core;C:\Program Files\Git\mingw64\bin;C:\Program Files\Git\usr\bin;C:\Users\ttyy3\bin;C:\Program Files\Java\jdk-14\bin;C:\Program Files (x86)\Common Files\Oracle\Java\javapath;C:\Program Files\Java\jdk-13.0.2\bin;D:\Program Files\Microsoft VS Code\bin;C:\Program Files\NVIDIA Corporation\NVIDIA NGX;C:\Program Files\Git\cmd;C:\Users\ttyy3\AppData\Local\Microsoft\WindowsApps;C:\Program Files\Bandizip;C:\Program Files\JetBrains\IntelliJ IDEA Community Edition 2019.3.2\bin;C:\Program Files\JetBrains\IntelliJ IDEA 2019.3.2\bin
USERNAME=ttyy3388
DISPLAY=:0.0
OS=Windows_NT
PROCESSOR_IDENTIFIER=AMD64 Family 23 Model 8 Stepping 2, AuthenticAMD



---------------  S Y S T E M  ---------------

OS: Windows 10 , 64 bit Build 18362 (10.0.18362.329)

CPU:total 12 (initial active 12) (12 cores per cpu, 2 threads per core) family 23 model 8 stepping 2, cmov, cx8, fxsr, mmx, sse, sse2, sse3, ssse3, sse4.1, sse4.2, popcnt, avx, avx2, aes, clmul, mmxext, 3dnowpref, lzcnt, sse4a, ht, tsc, tscinvbit, tscinv, bmi1, bmi2, adx, sha, fma

Memory: 4k page, system-wide physical 16333M (2411M free)
TotalPageFile size 24478M (AvailPageFile size 54M)
current process WorkingSet (physical memory assigned to process): 10M, peak: 10M
current process commit charge ("private bytes"): 64M, peak: 320M

vm_info: OpenJDK 64-Bit Server VM (11.0.6+8-b765.15) for windows-amd64 JRE (11.0.6+8-b765.15), built on Mar  7 2020 12:59:12 by "" with MS VC++ 14.0 (VS2015)

END.
